{"level":"info","message":"Server is running on port 8080","service":"fritid-backend","timestamp":"2025-08-16 09:23:46"}
{"body":{},"ip":"::1","level":"info","message":"Incoming Request","method":"GET","params":{},"query":{},"service":"fritid-backend","timestamp":"2025-08-16 09:24:02","url":"/api/products"}
{"body":{},"ip":"::1","level":"info","message":"Incoming Request","method":"GET","params":{},"query":{},"service":"fritid-backend","timestamp":"2025-08-16 09:24:02","url":"/api/images/pokrovcek-s-kapalko.jpeg"}
{"body":{},"ip":"::1","level":"info","message":"Incoming Request","method":"GET","params":{},"query":{},"service":"fritid-backend","timestamp":"2025-08-16 09:24:02","url":"/api/images/pokrovcek-stekleno-pipeto-100ml.jpeg"}
{"body":{},"ip":"::1","level":"info","message":"Incoming Request","method":"GET","params":{},"query":{},"service":"fritid-backend","timestamp":"2025-08-16 09:24:02","url":"/api/images/pokrovcek-stekleno-pipeto-10ml.jpeg"}
{"body":{},"ip":"::1","level":"info","message":"Incoming Request","method":"GET","params":{},"query":{},"service":"fritid-backend","timestamp":"2025-08-16 09:24:02","url":"/api/images/pokrovcek-stekleno-pipeto-15ml.jpeg"}
{"body":{},"ip":"::1","level":"info","message":"Incoming Request","method":"GET","params":{},"query":{},"service":"fritid-backend","timestamp":"2025-08-16 09:24:02","url":"/api/images/pokrovcek-stekleno-pipeto-20ml.jpeg"}
{"body":{},"ip":"::1","level":"info","message":"Incoming Request","method":"GET","params":{},"query":{},"service":"fritid-backend","timestamp":"2025-08-16 09:24:02","url":"/api/images/pokrovcek-stekleno-pipeto-30ml.jpeg"}
{"body":{},"ip":"::1","level":"info","message":"Incoming Request","method":"GET","params":{},"query":{},"service":"fritid-backend","timestamp":"2025-08-16 09:24:02","url":"/api/images/pokrovcek-stekleno-pipeto-50ml.jpeg"}
{"body":{},"ip":"::1","level":"info","message":"Incoming Request","method":"GET","params":{},"query":{},"service":"fritid-backend","timestamp":"2025-08-16 09:24:02","url":"/api/images/prsilka-univerzalna.jpeg"}
{"body":{},"ip":"::1","level":"info","message":"Incoming Request","method":"GET","params":{},"query":{},"service":"fritid-backend","timestamp":"2025-08-16 09:24:02","url":"/api/images/steklenicka-kapljevine-5ml-rjava.jpeg"}
{"body":{},"ip":"::1","level":"info","message":"Incoming Request","method":"GET","params":{},"query":{},"service":"fritid-backend","timestamp":"2025-08-16 09:24:02","url":"/api/images/steklenicka-kapljevine-20ml-kobalt-modra.jpeg"}
{"body":{},"ip":"::1","level":"info","message":"Incoming Request","method":"GET","params":{},"query":{},"service":"fritid-backend","timestamp":"2025-08-16 09:24:02","url":"/api/images/steklenicka-kapljevine-10ml-kobalt-modra.jpeg"}
{"body":{},"ip":"::1","level":"info","message":"Incoming Request","method":"GET","params":{},"query":{},"service":"fritid-backend","timestamp":"2025-08-16 09:24:02","url":"/api/images/steklenicka-kapljevine-30ml-kobalt-modra.jpeg"}
{"body":{},"ip":"::1","level":"info","message":"Incoming Request","method":"GET","params":{},"query":{},"service":"fritid-backend","timestamp":"2025-08-16 09:24:02","url":"/api/images/steklenicka-kapljevine-50ml-kobalt-modra.jpeg"}
{"body":{},"ip":"::1","level":"info","message":"Incoming Request","method":"GET","params":{},"query":{},"service":"fritid-backend","timestamp":"2025-08-16 09:24:02","url":"/api/images/steklenicka-kapljevine-100ml-kobalt-modra.jpeg"}
{"body":{},"ip":"::1","level":"info","message":"Incoming Request","method":"GET","params":{},"query":{},"service":"fritid-backend","timestamp":"2025-08-16 09:24:02","url":"/api/images/steklenicka-kapljevine-10ml-rjava.jpeg"}
{"body":{},"ip":"::1","level":"info","message":"Incoming Request","method":"GET","params":{},"query":{},"service":"fritid-backend","timestamp":"2025-08-16 09:24:02","url":"/api/images/steklenicka-kapljevine-15ml-rjava.jpeg"}
{"body":{},"ip":"::1","level":"info","message":"Incoming Request","method":"GET","params":{},"query":{},"service":"fritid-backend","timestamp":"2025-08-16 09:24:02","url":"/api/images/steklenicka-kapljevine-20ml-rjava.jpeg"}
{"body":{},"ip":"::1","level":"info","message":"Incoming Request","method":"GET","params":{},"query":{},"service":"fritid-backend","timestamp":"2025-08-16 09:24:02","url":"/api/images/steklenicka-kapljevine-30ml-rjava.jpeg"}
{"body":{},"ip":"::1","level":"info","message":"Incoming Request","method":"GET","params":{},"query":{},"service":"fritid-backend","timestamp":"2025-08-16 09:24:02","url":"/api/images/steklenicka-kapljevine-50ml-rjava.jpeg"}
{"body":{},"ip":"::1","level":"info","message":"Incoming Request","method":"GET","params":{},"query":{},"service":"fritid-backend","timestamp":"2025-08-16 09:24:02","url":"/api/images/steklenicka-kapljevine-100ml-rjava.jpeg"}
{"body":{},"ip":"::1","level":"info","message":"Incoming Request","method":"GET","params":{},"query":{},"service":"fritid-backend","timestamp":"2025-08-16 09:24:02","url":"/api/images/product-1755023281295-797651226.jpeg"}
{"level":"warn","message":"404 - Route not found: /api/images/product-1755023281295-797651226.jpeg","service":"fritid-backend","timestamp":"2025-08-16 09:24:02"}
{"body":{},"ip":"::1","level":"info","message":"Incoming Request","method":"GET","params":{},"query":{},"service":"fritid-backend","timestamp":"2025-08-16 09:24:02","url":"/api/images/cebelica-embalaza-med-150ml.jpeg"}
{"body":{},"ip":"::1","level":"info","message":"Incoming Request","method":"GET","params":{},"query":{},"service":"fritid-backend","timestamp":"2025-08-16 09:24:02","url":"/api/products"}
{"body":{},"ip":"::1","level":"info","message":"Incoming Request","method":"GET","params":{},"query":{},"service":"fritid-backend","timestamp":"2025-08-16 09:24:03","url":"/api/images/pokrovcek-s-kapalko.jpeg"}
{"body":{},"ip":"::1","level":"info","message":"Incoming Request","method":"GET","params":{},"query":{},"service":"fritid-backend","timestamp":"2025-08-16 09:24:03","url":"/api/images/pokrovcek-stekleno-pipeto-100ml.jpeg"}
{"body":{},"ip":"::1","level":"info","message":"Incoming Request","method":"GET","params":{},"query":{},"service":"fritid-backend","timestamp":"2025-08-16 09:24:03","url":"/api/images/pokrovcek-stekleno-pipeto-10ml.jpeg"}
{"body":{},"ip":"::1","level":"info","message":"Incoming Request","method":"GET","params":{},"query":{},"service":"fritid-backend","timestamp":"2025-08-16 09:24:03","url":"/api/images/pokrovcek-stekleno-pipeto-15ml.jpeg"}
{"body":{},"ip":"::1","level":"info","message":"Incoming Request","method":"GET","params":{},"query":{},"service":"fritid-backend","timestamp":"2025-08-16 09:24:03","url":"/api/images/pokrovcek-stekleno-pipeto-20ml.jpeg"}
{"body":{},"ip":"::1","level":"info","message":"Incoming Request","method":"GET","params":{},"query":{},"service":"fritid-backend","timestamp":"2025-08-16 09:24:03","url":"/api/images/pokrovcek-stekleno-pipeto-30ml.jpeg"}
{"body":{},"ip":"::1","level":"info","message":"Incoming Request","method":"GET","params":{},"query":{},"service":"fritid-backend","timestamp":"2025-08-16 09:24:03","url":"/api/images/pokrovcek-stekleno-pipeto-50ml.jpeg"}
{"body":{},"ip":"::1","level":"info","message":"Incoming Request","method":"GET","params":{},"query":{},"service":"fritid-backend","timestamp":"2025-08-16 09:24:03","url":"/api/images/prsilka-univerzalna.jpeg"}
{"body":{},"ip":"::1","level":"info","message":"Incoming Request","method":"GET","params":{},"query":{},"service":"fritid-backend","timestamp":"2025-08-16 09:24:03","url":"/api/images/steklenicka-kapljevine-5ml-rjava.jpeg"}
{"body":{},"ip":"::1","level":"info","message":"Incoming Request","method":"GET","params":{},"query":{},"service":"fritid-backend","timestamp":"2025-08-16 09:24:03","url":"/api/images/steklenicka-kapljevine-20ml-kobalt-modra.jpeg"}
{"body":{},"ip":"::1","level":"info","message":"Incoming Request","method":"GET","params":{},"query":{},"service":"fritid-backend","timestamp":"2025-08-16 09:24:03","url":"/api/images/steklenicka-kapljevine-30ml-kobalt-modra.jpeg"}
{"body":{},"ip":"::1","level":"info","message":"Incoming Request","method":"GET","params":{},"query":{},"service":"fritid-backend","timestamp":"2025-08-16 09:24:03","url":"/api/images/steklenicka-kapljevine-10ml-kobalt-modra.jpeg"}
{"body":{},"ip":"::1","level":"info","message":"Incoming Request","method":"GET","params":{},"query":{},"service":"fritid-backend","timestamp":"2025-08-16 09:24:03","url":"/api/images/steklenicka-kapljevine-50ml-kobalt-modra.jpeg"}
{"body":{},"ip":"::1","level":"info","message":"Incoming Request","method":"GET","params":{},"query":{},"service":"fritid-backend","timestamp":"2025-08-16 09:24:03","url":"/api/images/steklenicka-kapljevine-100ml-kobalt-modra.jpeg"}
{"body":{},"ip":"::1","level":"info","message":"Incoming Request","method":"GET","params":{},"query":{},"service":"fritid-backend","timestamp":"2025-08-16 09:24:03","url":"/api/images/steklenicka-kapljevine-10ml-rjava.jpeg"}
{"body":{},"ip":"::1","level":"info","message":"Incoming Request","method":"GET","params":{},"query":{},"service":"fritid-backend","timestamp":"2025-08-16 09:24:03","url":"/api/images/steklenicka-kapljevine-15ml-rjava.jpeg"}
{"body":{},"ip":"::1","level":"info","message":"Incoming Request","method":"GET","params":{},"query":{},"service":"fritid-backend","timestamp":"2025-08-16 09:24:03","url":"/api/images/steklenicka-kapljevine-20ml-rjava.jpeg"}
{"body":{},"ip":"::1","level":"info","message":"Incoming Request","method":"GET","params":{},"query":{},"service":"fritid-backend","timestamp":"2025-08-16 09:24:03","url":"/api/images/steklenicka-kapljevine-30ml-rjava.jpeg"}
{"body":{},"ip":"::1","level":"info","message":"Incoming Request","method":"GET","params":{},"query":{},"service":"fritid-backend","timestamp":"2025-08-16 09:24:03","url":"/api/images/product-1755023281295-797651226.jpeg"}
{"body":{},"ip":"::1","level":"info","message":"Incoming Request","method":"GET","params":{},"query":{},"service":"fritid-backend","timestamp":"2025-08-16 09:24:03","url":"/api/images/steklenicka-kapljevine-50ml-rjava.jpeg"}
{"body":{},"ip":"::1","level":"info","message":"Incoming Request","method":"GET","params":{},"query":{},"service":"fritid-backend","timestamp":"2025-08-16 09:24:03","url":"/api/images/steklenicka-kapljevine-100ml-rjava.jpeg"}
{"body":{},"ip":"::1","level":"info","message":"Incoming Request","method":"GET","params":{},"query":{},"service":"fritid-backend","timestamp":"2025-08-16 09:24:03","url":"/api/images/cebelica-embalaza-med-150ml.jpeg"}
{"level":"warn","message":"404 - Route not found: /api/images/product-1755023281295-797651226.jpeg","service":"fritid-backend","timestamp":"2025-08-16 09:24:03"}
{"level":"info","message":"Connected to SQLite database for migration.","service":"fritid-backend","timestamp":"2025-08-16 13:07:18"}
{"code":"ER_ACCESS_DENIED_ERROR","errno":1045,"level":"error","message":"Failed to initialize MySQL database: Access denied for user 'lovro'@'localhost' (using password: NO)","service":"fritid-backend","sqlMessage":"Access denied for user 'lovro'@'localhost' (using password: NO)","sqlState":"28000","stack":"Error: Access denied for user 'lovro'@'localhost' (using password: NO)\n    at Packet.asError (/home/lovro/fritid - webapp/backend/node_modules/mysql2/lib/packets/packet.js:740:17)\n    at ClientHandshake.execute (/home/lovro/fritid - webapp/backend/node_modules/mysql2/lib/commands/command.js:29:26)\n    at PoolConnection.handlePacket (/home/lovro/fritid - webapp/backend/node_modules/mysql2/lib/base/connection.js:475:34)\n    at PacketParser.onPacket (/home/lovro/fritid - webapp/backend/node_modules/mysql2/lib/base/connection.js:93:12)\n    at PacketParser.executeStart (/home/lovro/fritid - webapp/backend/node_modules/mysql2/lib/packet_parser.js:75:16)\n    at Socket.<anonymous> (/home/lovro/fritid - webapp/backend/node_modules/mysql2/lib/base/connection.js:100:25)\n    at Socket.emit (node:events:507:28)\n    at addChunk (node:internal/streams/readable:559:12)\n    at readableAddChunkPushByteMode (node:internal/streams/readable:510:3)\n    at Readable.push (node:internal/streams/readable:390:5)","timestamp":"2025-08-16 13:07:18"}
{"level":"info","message":"Connected to SQLite database for migration.","service":"fritid-backend","timestamp":"2025-08-16 13:07:59"}
{"code":"ER_ACCESS_DENIED_ERROR","errno":1045,"level":"error","message":"Failed to initialize MySQL database: Access denied for user 'lovro'@'localhost' (using password: NO)","service":"fritid-backend","sqlMessage":"Access denied for user 'lovro'@'localhost' (using password: NO)","sqlState":"28000","stack":"Error: Access denied for user 'lovro'@'localhost' (using password: NO)\n    at Packet.asError (/home/lovro/fritid - webapp/backend/node_modules/mysql2/lib/packets/packet.js:740:17)\n    at ClientHandshake.execute (/home/lovro/fritid - webapp/backend/node_modules/mysql2/lib/commands/command.js:29:26)\n    at PoolConnection.handlePacket (/home/lovro/fritid - webapp/backend/node_modules/mysql2/lib/base/connection.js:475:34)\n    at PacketParser.onPacket (/home/lovro/fritid - webapp/backend/node_modules/mysql2/lib/base/connection.js:93:12)\n    at PacketParser.executeStart (/home/lovro/fritid - webapp/backend/node_modules/mysql2/lib/packet_parser.js:75:16)\n    at Socket.<anonymous> (/home/lovro/fritid - webapp/backend/node_modules/mysql2/lib/base/connection.js:100:25)\n    at Socket.emit (node:events:507:28)\n    at addChunk (node:internal/streams/readable:559:12)\n    at readableAddChunkPushByteMode (node:internal/streams/readable:510:3)\n    at Readable.push (node:internal/streams/readable:390:5)","timestamp":"2025-08-16 13:07:59"}
{"level":"info","message":"Connected to SQLite database for migration.","service":"fritid-backend","timestamp":"2025-08-16 13:08:17"}
{"code":"ER_ACCESS_DENIED_ERROR","errno":1045,"level":"error","message":"Failed to initialize MySQL database: Access denied for user 'lovro'@'localhost' (using password: NO)","service":"fritid-backend","sqlMessage":"Access denied for user 'lovro'@'localhost' (using password: NO)","sqlState":"28000","stack":"Error: Access denied for user 'lovro'@'localhost' (using password: NO)\n    at Packet.asError (/home/lovro/fritid - webapp/backend/node_modules/mysql2/lib/packets/packet.js:740:17)\n    at ClientHandshake.execute (/home/lovro/fritid - webapp/backend/node_modules/mysql2/lib/commands/command.js:29:26)\n    at PoolConnection.handlePacket (/home/lovro/fritid - webapp/backend/node_modules/mysql2/lib/base/connection.js:475:34)\n    at PacketParser.onPacket (/home/lovro/fritid - webapp/backend/node_modules/mysql2/lib/base/connection.js:93:12)\n    at PacketParser.executeStart (/home/lovro/fritid - webapp/backend/node_modules/mysql2/lib/packet_parser.js:75:16)\n    at Socket.<anonymous> (/home/lovro/fritid - webapp/backend/node_modules/mysql2/lib/base/connection.js:100:25)\n    at Socket.emit (node:events:507:28)\n    at addChunk (node:internal/streams/readable:559:12)\n    at readableAddChunkPushByteMode (node:internal/streams/readable:510:3)\n    at Readable.push (node:internal/streams/readable:390:5)","timestamp":"2025-08-16 13:08:17"}
{"level":"info","message":"Connected to SQLite database for migration.","service":"fritid-backend","timestamp":"2025-08-16 13:08:53"}
{"level":"info","message":"Successfully connected to MySQL database.","service":"fritid-backend","timestamp":"2025-08-16 13:08:53"}
{"level":"info","message":"All tables created or already exist.","service":"fritid-backend","timestamp":"2025-08-16 13:08:53"}
{"level":"info","message":"DB init OK (MySQL)","service":"fritid-backend","timestamp":"2025-08-16 13:08:53"}
{"level":"info","message":"Starting data migration from SQLite to MySQL...","service":"fritid-backend","timestamp":"2025-08-16 13:08:53"}
{"level":"info","message":"Migrated 4 users.","service":"fritid-backend","timestamp":"2025-08-16 13:08:53"}
{"code":"ER_INNODB_AUTOEXTEND_SIZE_OUT_OF_RANGE","errno":4025,"level":"error","message":"CONSTRAINT `products.colors` failed for `fritid_db`.`products`","service":"fritid-backend","sql":"INSERT INTO products (id, name, description, price, image_url, colors, category, stock_quantity, is_active, created_at) VALUES (302, 'Pokrovček s kapalko', '', 0.14, '/images/pokrovcek-s-kapalko.jpeg', '\\\"[\\\\\\\"Default\\\\\\\"]\\\"', '', 1000, 1, '2025-08-12 14:19:43'), (303, 'Pokrovček s stekleno pipeto 100 ml', NULL, 0.43, '/images/pokrovcek-stekleno-pipeto-100ml.jpeg', '[default]', NULL, 0, 1, '2025-08-12 14:19:43'), (304, 'Pokrovček s stekleno pipeto 10 ml', NULL, 0.37, '/images/pokrovcek-stekleno-pipeto-10ml.jpeg', '[default]', NULL, 0, 1, '2025-08-12 14:19:43'), (305, 'Pokrovček s stekleno pipeto 15 ml', NULL, 0.37, '/images/pokrovcek-stekleno-pipeto-15ml.jpeg', '[default]', NULL, 0, 1, '2025-08-12 14:19:43'), (306, 'Pokrovček s stekleno pipeto 20 ml', NULL, 0.38, '/images/pokrovcek-stekleno-pipeto-20ml.jpeg', '[default]', NULL, 0, 1, '2025-08-12 14:19:43'), (307, 'Pokrovček s stekleno pipeto 30 ml', NULL, 0.39, '/images/pokrovcek-stekleno-pipeto-30ml.jpeg', '[default]', NULL, 0, 1, '2025-08-12 14:19:43'), (308, 'Pokrovček s stekleno pipeto 50 ml', NULL, 0.41, '/images/pokrovcek-stekleno-pipeto-50ml.jpeg', '[default]', NULL, 0, 1, '2025-08-12 14:19:43'), (309, 'Pršilka univerzalna', NULL, 0.68, '/images/prsilka-univerzalna.jpeg', '[default]', NULL, 0, 1, '2025-08-12 14:19:43'), (310, 'Steklenička za kapljevine 5 ml - rjava', NULL, 0.15, '/images/steklenicka-kapljevine-5ml-rjava.jpeg', '[default]', NULL, 0, 1, '2025-08-12 14:19:43'), (311, 'Steklenička za kapljevine 20 ml - kobalt modra', NULL, 0.22, '/images/steklenicka-kapljevine-20ml-kobalt-modra.jpeg', '[default]', NULL, 0, 1, '2025-08-12 14:19:43'), (312, 'Steklenička za kapljevine 30 ml - kobalt modra', NULL, 0.3, '/images/steklenicka-kapljevine-30ml-kobalt-modra.jpeg', '[default]', NULL, 0, 1, '2025-08-12 14:19:43'), (313, 'Steklenička za kapljevine 10 ml - kobalt modra', NULL, 0.18, '/images/steklenicka-kapljevine-10ml-kobalt-modra.jpeg', '[default]', NULL, 0, 1, '2025-08-12 14:19:43'), (314, 'Steklenička za kapljevine 50 ml - kobalt modra', NULL, 0.39, '/images/steklenicka-kapljevine-50ml-kobalt-modra.jpeg', '[default]', NULL, 0, 1, '2025-08-12 14:19:43'), (315, 'Steklenička za kapljevine 100 ml - kobalt modra', NULL, 0.49, '/images/steklenicka-kapljevine-100ml-kobalt-modra.jpeg', '[default]', NULL, 0, 1, '2025-08-12 14:19:43'), (316, 'Steklenička za kapljevine 10 ml - rjava', NULL, 0.16, '/images/steklenicka-kapljevine-10ml-rjava.jpeg', '[default]', NULL, 0, 1, '2025-08-12 14:19:43'), (317, 'Steklenička za kapljevine 15 ml - rjava', NULL, 0.18, '/images/steklenicka-kapljevine-15ml-rjava.jpeg', '[default]', NULL, 0, 1, '2025-08-12 14:19:43'), (318, 'Steklenička za kapljevine 20 ml - rjava', NULL, 0.19, '/images/steklenicka-kapljevine-20ml-rjava.jpeg', '[default]', NULL, 0, 1, '2025-08-12 14:19:43'), (319, 'Steklenička za kapljevine 30 ml - rjava', NULL, 0.27, '/images/steklenicka-kapljevine-30ml-rjava.jpeg', '[default]', NULL, 0, 1, '2025-08-12 14:19:43'), (320, 'Steklenička za kapljevine 50 ml - rjava', NULL, 0.29, '/images/steklenicka-kapljevine-50ml-rjava.jpeg', '[default]', NULL, 0, 1, '2025-08-12 14:19:43'), (321, 'Steklenička za kapljevine 100 ml - rjava', NULL, 0.39, '/images/steklenicka-kapljevine-100ml-rjava.jpeg', '[default]', NULL, 0, 1, '2025-08-12 14:19:43'), (322, 'Doza za shranjevanje živil 200 m', '', 0.6, '/images/product-1755023281295-797651226.jpeg', '\\\"[]\\\"', '', 0, 1, '2025-08-12 14:19:43'), (323, 'ČEBELICA - embalaža za med 150 ml', NULL, 0.19, '/images/cebelica-embalaza-med-150ml.jpeg', '[default]', NULL, 0, 1, '2025-08-12 14:19:43')","sqlMessage":"CONSTRAINT `products.colors` failed for `fritid_db`.`products`","sqlState":"23000","stack":"Error: CONSTRAINT `products.colors` failed for `fritid_db`.`products`\n    at PromisePool.query (/home/lovro/fritid - webapp/backend/node_modules/mysql2/lib/promise/pool.js:36:22)\n    at migrate (/home/lovro/fritid - webapp/backend/migrate.js:42:23)","timestamp":"2025-08-16 13:08:53"}
{"level":"info","message":"Connected to SQLite database for migration.","service":"fritid-backend","timestamp":"2025-08-16 13:17:45"}
{"level":"info","message":"Successfully connected to MySQL database.","service":"fritid-backend","timestamp":"2025-08-16 13:17:45"}
{"level":"info","message":"All tables created or already exist.","service":"fritid-backend","timestamp":"2025-08-16 13:17:45"}
{"level":"info","message":"DB init OK (MySQL)","service":"fritid-backend","timestamp":"2025-08-16 13:17:45"}
{"level":"info","message":"Starting data migration from SQLite to MySQL...","service":"fritid-backend","timestamp":"2025-08-16 13:17:45"}
{"code":"ER_DUP_ENTRY","errno":1062,"level":"error","message":"Duplicate entry '33' for key 'PRIMARY'","service":"fritid-backend","sql":"INSERT INTO users (id, first_name, last_name, email, password_hash, address, postal_code, city, phone_number, role, created_at) VALUES (33, 'TEST', 'USER1', 'test1@example.com', '$2b$10$OUhwBrH7785KTh6XXHNel.EeuZdEe/qC8Klksr097j34omH1g9jhu', NULL, NULL, NULL, NULL, 'user', '2025-08-10 17:23:31'), (34, 'TEST', 'USER2', 'test2@example.com', '$2b$10$YdREmrHr2zT7tHkeNvsjwOgLPlBo/R2SYpv0HkrBuRJSalFKcrBn.', NULL, NULL, NULL, NULL, 'user', '2025-08-10 17:24:52'), (65, 'TEST', 'TEST', 'test3@example.com', '$2b$10$xteZD5CKhc2q86n4w/KOu.003zDNe77cneZor6lcW8G5pqSOa2HvS', NULL, NULL, NULL, NULL, 'user', '2025-08-12 18:32:56'), (66, 'Admin', 'Fritid', 'admin@fritid.com', '$2b$10$zxjeAIJqZagflNycHm9rJ.nUUeJEqrP5Oo.Ayq3NbDVb5nF9CYbHG', NULL, NULL, NULL, NULL, 'admin', '2025-08-16 07:29:07')","sqlMessage":"Duplicate entry '33' for key 'PRIMARY'","sqlState":"23000","stack":"Error: Duplicate entry '33' for key 'PRIMARY'\n    at PromisePool.query (/home/lovro/fritid - webapp/backend/node_modules/mysql2/lib/promise/pool.js:36:22)\n    at migrate (/home/lovro/fritid - webapp/backend/migrate.js:33:23)","timestamp":"2025-08-16 13:17:45"}
{"level":"info","message":"Connected to SQLite database for migration.","service":"fritid-backend","timestamp":"2025-08-16 13:19:02"}
{"level":"info","message":"Successfully connected to MySQL database.","service":"fritid-backend","timestamp":"2025-08-16 13:19:02"}
{"level":"info","message":"All tables created or already exist.","service":"fritid-backend","timestamp":"2025-08-16 13:19:02"}
{"level":"info","message":"DB init OK (MySQL)","service":"fritid-backend","timestamp":"2025-08-16 13:19:02"}
{"level":"info","message":"Starting data migration from SQLite to MySQL...","service":"fritid-backend","timestamp":"2025-08-16 13:19:02"}
{"level":"info","message":"Cleared existing data from all tables.","service":"fritid-backend","timestamp":"2025-08-16 13:19:03"}
{"level":"info","message":"Migrated 4 users.","service":"fritid-backend","timestamp":"2025-08-16 13:19:03"}
{"level":"info","message":"Migrated 22 products (attempted 22).","service":"fritid-backend","timestamp":"2025-08-16 13:19:03"}
{"level":"info","message":"Migrated 3 orders.","service":"fritid-backend","timestamp":"2025-08-16 13:19:03"}
{"code":"ER_NO_REFERENCED_ROW_2","errno":1452,"level":"error","message":"Cannot add or update a child row: a foreign key constraint fails (`fritid_db`.`order_items`, CONSTRAINT `order_items_ibfk_2` FOREIGN KEY (`product_id`) REFERENCES `products` (`id`) ON DELETE SET NULL)","service":"fritid-backend","sql":"INSERT INTO order_items (id, order_id, product_id, quantity, price) VALUES (1, 1, 5, 6, 0.38), (2, 1, 22, 5, 0.19), (3, 1, 3, 35, 0.37), (4, 1, 7, 4, 0.41), (5, 1, 1, 14, 0.14), (6, 2, 22, 17, 0.19), (7, 2, 1, 30, 0.14), (8, 2, 12, 30, 0.18), (9, 2, 21, 15, 0.6), (10, 3, 5, 6, 0.38), (11, 3, 22, 5, 0.19), (12, 3, 3, 35, 0.37), (13, 3, 7, 4, 0.41), (14, 3, 1, 14, 0.14)","sqlMessage":"Cannot add or update a child row: a foreign key constraint fails (`fritid_db`.`order_items`, CONSTRAINT `order_items_ibfk_2` FOREIGN KEY (`product_id`) REFERENCES `products` (`id`) ON DELETE SET NULL)","sqlState":"23000","stack":"Error: Cannot add or update a child row: a foreign key constraint fails (`fritid_db`.`order_items`, CONSTRAINT `order_items_ibfk_2` FOREIGN KEY (`product_id`) REFERENCES `products` (`id`) ON DELETE SET NULL)\n    at PromisePool.query (/home/lovro/fritid - webapp/backend/node_modules/mysql2/lib/promise/pool.js:36:22)\n    at migrate (/home/lovro/fritid - webapp/backend/migrate.js:115:23)","timestamp":"2025-08-16 13:19:03"}
{"level":"info","message":"Connected to SQLite database for migration.","service":"fritid-backend","timestamp":"2025-08-16 13:19:48"}
{"level":"info","message":"Successfully connected to MySQL database.","service":"fritid-backend","timestamp":"2025-08-16 13:19:48"}
{"level":"info","message":"All tables created or already exist.","service":"fritid-backend","timestamp":"2025-08-16 13:19:48"}
{"level":"info","message":"DB init OK (MySQL)","service":"fritid-backend","timestamp":"2025-08-16 13:19:48"}
{"level":"info","message":"Starting data migration from SQLite to MySQL...","service":"fritid-backend","timestamp":"2025-08-16 13:19:48"}
{"level":"info","message":"Cleared existing data from all tables.","service":"fritid-backend","timestamp":"2025-08-16 13:19:48"}
{"level":"info","message":"Migrated 4 users.","service":"fritid-backend","timestamp":"2025-08-16 13:19:48"}
{"level":"info","message":"Migrated 22 products (attempted 22).","service":"fritid-backend","timestamp":"2025-08-16 13:19:48"}
{"level":"info","message":"Migrated 3 orders.","service":"fritid-backend","timestamp":"2025-08-16 13:19:48"}
{"level":"info","message":"Migrated 14 order items.","service":"fritid-backend","timestamp":"2025-08-16 13:19:48"}
{"level":"info","message":"Successfully connected to MySQL database.","service":"fritid-backend","timestamp":"2025-08-16 14:05:35"}
{"level":"info","message":"All tables created or already exist.","service":"fritid-backend","timestamp":"2025-08-16 14:05:35"}
{"level":"info","message":"DB init OK (MySQL)","service":"fritid-backend","timestamp":"2025-08-16 14:05:35"}
{"level":"info","message":"Successfully connected to MySQL database.","service":"fritid-backend","timestamp":"2025-08-17 14:58:26"}
{"level":"info","message":"All tables created or already exist.","service":"fritid-backend","timestamp":"2025-08-17 14:58:26"}
{"level":"info","message":"DB init OK (MySQL)","service":"fritid-backend","timestamp":"2025-08-17 14:58:26"}
